<?xml version="1.0" encoding="UTF-8"?>
<!-- Generated by org.testng.reporters.JUnitReportReporter -->
<testsuite hostname="aryan" name="com.add.TestAdder" tests="1" failures="0" timestamp="15 Mar 2016 21:22:41 GMT" time="0.038" errors="0">
  <testcase name="test" time="0.038" classname="com.add.TestAdder"/>
</testsuite> <!-- com.add.TestAdder -->
